<?xml version="1.0" encoding="UTF-8"?>
<!-- Generated by org.testng.reporters.JUnitXMLReporter -->
<testsuite ignored="0" hostname="LAPTOP-5SM7DI6B" failures="0" tests="5" name="OrengeHrm automation" time="52.056" errors="0" timestamp="2021-10-16T15:13:28 IST">
  <testcase classname="com.OrangeHrm.Test.LoginTest" name="LoginToOrangeHRM" time="6.101"/>
  <testcase classname="com.OrangeHrm.Test.LoginTest" name="addNewUser" time="5.712"/>
  <testcase classname="com.OrangeHrm.Test.LoginTest" name="addusername" time="4.642"/>
  <testcase classname="com.OrangeHrm.Test.LoginTest" name="addrecruiment" time="7.255"/>
  <testcase classname="com.OrangeHrm.Test.LoginTest" name="addbuzzdetails" time="7.588"/>
</testsuite> <!-- OrengeHrm automation -->
